* Starting client
* Connecting to master process on port 21051
* Analyzing classpath: 
  - C:\Users\Matin\Desktop\HW3-B\target\test-classes
  - C:\Users\Matin\Desktop\HW3-B\target\classes
  - C:\Users\Matin\.m2\repository\junit\junit\4.12\junit-4.12.jar
  - C:\Users\Matin\.m2\repository\org\hamcrest\hamcrest-core\1.3\hamcrest-core-1.3.jar
* Finished analyzing classpath
* Generating tests for class ir.ramtung.impl1.Student
* Test criteria:
  - Line Coverage
  - Branch Coverage
  - Exception
  - Mutation testing (weak)
  - Method-Output Coverage
  - Top-Level Method Coverage
  - No-Exception Top-Level Method Coverage
  - Context Branch Coverage
* Setting up search algorithm for whole suite generation
* Loaded 7 tests from C:\Users\Matin\Desktop\HW3-B\.evosuite\evosuite-seeds\ir.ramtung.impl1.Student.seed
* Total number of test goals: 
  - Line 6
  - Branch 3
  - Exception 0
  - MutationFactory 4
  - Output 3
  - Method 2
  - MethodNoException 2
  - CBranchFitnessFactory 3
* Using seed 1718012559107
* Starting evolution
* Search finished after 39s and 1131 generations, 161253 statements, best individual has fitness: 2.5
* Writing sequences to pool
* Minimizing test suite
* Going to analyze the coverage criteria
* Coverage analysis for criterion LINE
* Coverage of criterion LINE: 100%
* Total number of goals: 6
* Number of covered goals: 6
* Coverage analysis for criterion BRANCH
* Coverage of criterion BRANCH: 100%
* Total number of goals: 3
* Number of covered goals: 3
* Coverage analysis for criterion EXCEPTION
* Coverage of criterion EXCEPTION: 100%
* Total number of goals: 1
* Number of covered goals: 1
* Coverage analysis for criterion WEAKMUTATION
* Coverage of criterion WEAKMUTATION: 100%
* Total number of goals: 4
* Number of covered goals: 4
* Coverage analysis for criterion OUTPUT
* Coverage of criterion OUTPUT: 33%
* Total number of goals: 3
* Number of covered goals: 1
* Coverage analysis for criterion METHOD
* Coverage of criterion METHOD: 100%
* Total number of goals: 2
* Number of covered goals: 2
* Coverage analysis for criterion METHODNOEXCEPTION
* Coverage of criterion METHODNOEXCEPTION: 100%
* Total number of goals: 2
* Number of covered goals: 2
* Coverage analysis for criterion CBRANCH
* Coverage of criterion CBRANCH: 100%
* Total number of goals: 3
* Number of covered goals: 3
* Generated 2 tests with total length 3
* Resulting test suite's coverage: 92% (average coverage for all fitness functions)
* Generating assertions
* Resulting test suite's mutation score: 50%
* Compiling and checking tests
* Writing JUnit test case 'Student_ESTest' to C:\Users\Matin\Desktop\HW3-B\.evosuite\tmp_2024_06_10_12_53_50\tests
* Done!

