* Starting client
* Connecting to master process on port 10540
* Analyzing classpath: 
  - C:\Users\Matin\Desktop\HW3-B\target\test-classes
  - C:\Users\Matin\Desktop\HW3-B\target\classes
  - C:\Users\Matin\.m2\repository\junit\junit\4.12\junit-4.12.jar
  - C:\Users\Matin\.m2\repository\org\hamcrest\hamcrest-core\1.3\hamcrest-core-1.3.jar
* Finished analyzing classpath
* Generating tests for class ir.ramtung.impl1.Loan
* Test criteria:
  - Line Coverage
  - Branch Coverage
  - Exception
  - Mutation testing (weak)
  - Method-Output Coverage
  - Top-Level Method Coverage
  - No-Exception Top-Level Method Coverage
  - Context Branch Coverage
* Setting up search algorithm for whole suite generation
* Loaded 27 tests from C:\Users\Matin\Desktop\HW3-B\.evosuite\evosuite-seeds\ir.ramtung.impl1.Loan.seed
* Total number of test goals: 
  - Line 26
  - Branch 18
  - Exception 0
  - MutationFactory 93
  - Output 7
  - Method 6
  - MethodNoException 6
  - CBranchFitnessFactory 18
* Using seed 1718012091186
* Starting evolution
* Search finished after 98s and 1883 generations, 412940 statements, best individual has fitness: 0.8333333333333333
* Writing sequences to pool
* Minimizing test suite
* Going to analyze the coverage criteria
* Coverage analysis for criterion LINE
* Coverage of criterion LINE: 96%
* Total number of goals: 26
* Number of covered goals: 25
* Coverage analysis for criterion BRANCH
* Coverage of criterion BRANCH: 94%
* Total number of goals: 18
* Number of covered goals: 17
* Coverage analysis for criterion EXCEPTION
* Coverage of criterion EXCEPTION: 100%
* Total number of goals: 2
* Number of covered goals: 2
* Coverage analysis for criterion WEAKMUTATION
* Coverage of criterion WEAKMUTATION: 96%
* Total number of goals: 93
* Number of covered goals: 89
* Coverage analysis for criterion OUTPUT
* Coverage of criterion OUTPUT: 100%
* Total number of goals: 7
* Number of covered goals: 7
* Coverage analysis for criterion METHOD
* Coverage of criterion METHOD: 100%
* Total number of goals: 6
* Number of covered goals: 6
* Coverage analysis for criterion METHODNOEXCEPTION
* Coverage of criterion METHODNOEXCEPTION: 100%
* Total number of goals: 6
* Number of covered goals: 6
* Coverage analysis for criterion CBRANCH
* Coverage of criterion CBRANCH: 94%
* Total number of goals: 18
* Number of covered goals: 17
* Generated 16 tests with total length 63
* Resulting test suite's coverage: 100% (average coverage for all fitness functions)
* Generating assertions
* Resulting test suite's mutation score: 39%
* Compiling and checking tests
* Writing JUnit test case 'Loan_ESTest' to C:\Users\Matin\Desktop\HW3-B\.evosuite\tmp_2024_06_10_12_53_50\tests
* Done!

