* Starting client
* Connecting to master process on port 16886
* Analyzing classpath: 
  - C:\Users\Matin\Desktop\HW3-B\target\test-classes
  - C:\Users\Matin\Desktop\HW3-B\target\classes
  - C:\Users\Matin\.m2\repository\junit\junit\4.12\junit-4.12.jar
  - C:\Users\Matin\.m2\repository\org\hamcrest\hamcrest-core\1.3\hamcrest-core-1.3.jar
* Finished analyzing classpath
* Generating tests for class ir.ramtung.impl1.Library
* Test criteria:
  - Line Coverage
  - Branch Coverage
  - Exception
  - Mutation testing (weak)
  - Method-Output Coverage
  - Top-Level Method Coverage
  - No-Exception Top-Level Method Coverage
  - Context Branch Coverage
* Setting up search algorithm for whole suite generation
* Loaded 76 tests from C:\Users\Matin\Desktop\HW3-B\.evosuite\evosuite-seeds\ir.ramtung.impl1.Library.seed
* Total number of test goals: 
  - Line 103
  - Branch 71
  - Exception 0
  - MutationFactory 174
  - Output 15
  - Method 14
  - MethodNoException 14
  - CBranchFitnessFactory 71
* Using seed 1718011790456
* Starting evolution
* Search finished after 267s and 1949 generations, 306454 statements, best individual has fitness: 20.71666666666667
* Writing sequences to pool
* Minimizing test suite
* Going to analyze the coverage criteria
* Coverage analysis for criterion LINE
* Coverage of criterion LINE: 100%
* Total number of goals: 103
* Number of covered goals: 103
* Coverage analysis for criterion BRANCH
* Coverage of criterion BRANCH: 96%
* Total number of goals: 71
* Number of covered goals: 68
* Coverage analysis for criterion EXCEPTION
* Coverage of criterion EXCEPTION: 100%
* Total number of goals: 19
* Number of covered goals: 19
* Coverage analysis for criterion WEAKMUTATION
* Coverage of criterion WEAKMUTATION: 95%
* Total number of goals: 174
* Number of covered goals: 165
* Coverage analysis for criterion OUTPUT
* Coverage of criterion OUTPUT: 60%
* Total number of goals: 15
* Number of covered goals: 9
* Coverage analysis for criterion METHOD
* Coverage of criterion METHOD: 100%
* Total number of goals: 14
* Number of covered goals: 14
* Coverage analysis for criterion METHODNOEXCEPTION
* Coverage of criterion METHODNOEXCEPTION: 100%
* Total number of goals: 14
* Number of covered goals: 14
* Coverage analysis for criterion CBRANCH
* Coverage of criterion CBRANCH: 94%
* Total number of goals: 71
* Number of covered goals: 67
* Generated 40 tests with total length 150
* Resulting test suite's coverage: 93% (average coverage for all fitness functions)
* Generating assertions
* Resulting test suite's mutation score: 62%
* Compiling and checking tests
* Writing JUnit test case 'Library_ESTest' to C:\Users\Matin\Desktop\HW3-B\.evosuite\tmp_2024_06_10_12_53_50\tests
* Done!

